<?xml version="1.0" encoding="UTF-8"?>
<!-- Generated by org.testng.reporters.JUnitReportReporter -->
<testsuite hostname="PIM" failures="0" tests="1" name="joboffers.HomePage" time="9.365" errors="0" timestamp="23 mar 2019 22:49:27 GMT" skipped="0">
  <testcase classname="joboffers.HomePage" name="pageNavigation" time="9.365"/>
</testsuite> <!-- joboffers.HomePage -->
